<?xml version="1.0" encoding="UTF-8"?>
<testsuite xmlns:xsi="http://www.w3.org/2001/XMLSchema-instance" xsi:noNamespaceSchemaLocation="https://maven.apache.org/surefire/maven-surefire-plugin/xsd/surefire-test-report.xsd" name="TestSuite" time="1.119" tests="10" errors="0" skipped="0" failures="4">
  <properties>
[...]
</properties>
  <testcase name="runScenario" classname="io.cucumber.shouty.CucumberTest" time="0.244"/>
  <testcase name="runScenario" classname="io.cucumber.shouty.CucumberTest" time="0.024">
    <failure message="TODO: implement me" type="io.cucumber.java.PendingException">io.cucumber.java.PendingException: TODO: implement me
</failure>
    <system-out><![CDATA[&amp#27;[33mP&amp#27;[0m&amp#27;[36m-&amp#27;[0m&amp#27;[36m-&amp#27;[0m]]></system-out>
  </testcase>
  <testcase name="runScenario" classname="io.cucumber.shouty.CucumberTest" time="0.012"/>
  <testcase name="runScenario" classname="io.qameta.allure.examples.cucumber5.CucumberTest" time="0.037"/>
  <testcase name="runScenario" classname="io.qameta.allure.examples.cucumber5.CucumberTest" time="0.017"/>
  <testcase name="runScenario" classname="io.qameta.allure.examples.cucumber5.CucumberTest" time="0.024">
    <failure message="Element not found for xpath [//div[@class=&apos;something&apos;]]" type="java.lang.RuntimeException">java.lang.RuntimeException: Element not found for xpath [//div[@class='something']]
</failure>
    <system-out><![CDATA[&amp#27;[32m.&amp#27;[0m&amp#27;[31mF&amp#27;[0m&amp#27;[36m-&amp#27;[0m]]></system-out>
  </testcase>
  <testcase name="runScenario" classname="io.qameta.allure.examples.cucumber5.CucumberTest" time="0.017">
    <failure message="Element not found for xpath [//div[@class=&apos;something&apos;]]" type="java.lang.RuntimeException">java.lang.RuntimeException: Element not found for xpath [//div[@class='something']]
</failure>
    <system-out><![CDATA[&amp#27;[32m.&amp#27;[0m&amp#27;[32m.&amp#27;[0m&amp#27;[31mF&amp#27;[0m&amp#27;[36m-&amp#27;[0m]]></system-out>
  </testcase>
  <testcase name="runScenario" classname="io.qameta.allure.examples.cucumber5.CucumberTest" time="0.018">
    <failure message="Element not found for xpath [//div[@class=&apos;something&apos;]]" type="java.lang.RuntimeException">java.lang.RuntimeException: Element not found for xpath [//div[@class='something']]
</failure>
    <system-out><![CDATA[&amp#27;[32m.&amp#27;[0m&amp#27;[31mF&amp#27;[0m&amp#27;[36m-&amp#27;[0m&amp#27;[36m-&amp#27;[0m]]></system-out>
  </testcase>
  <testcase name="runScenario" classname="io.qameta.allure.examples.cucumber5.CucumberTest" time="0.017"/>
  <testcase name="runScenario" classname="io.qameta.allure.examples.cucumber5.CucumberTest" time="0.016"/>
</testsuite>